This file contains any messages produced by compilers while
running configure, to aid debugging if configure makes a mistake.

It was created by e32 configure 1.10.0, which was
generated by GNU Autoconf 2.69.  Invocation command line was

  $ ./configure 

## --------- ##
## Platform. ##
## --------- ##

hostname = raspberrypi
uname -m = armv7l
uname -r = 5.10.63-v7+
uname -s = Linux
uname -v = #1488 SMP Thu Nov 18 16:14:44 GMT 2021

/usr/bin/uname -p = unknown
/bin/uname -X     = unknown

/bin/arch              = armv7l
/usr/bin/arch -k       = unknown
/usr/convex/getsysinfo = unknown
/usr/bin/hostinfo      = unknown
/bin/machine           = unknown
/usr/bin/oslevel       = unknown
/bin/universe          = unknown

PATH: /usr/local/sbin
PATH: /usr/local/bin
PATH: /usr/sbin
PATH: /usr/bin
PATH: /sbin
PATH: /bin
PATH: /usr/local/games
PATH: /usr/games


## ----------- ##
## Core tests. ##
## ----------- ##

configure:2329: checking for a BSD-compatible install
configure:2397: result: /usr/bin/install -c
configure:2408: checking whether build environment is sane
configure:2463: result: yes
configure:2614: checking for a thread-safe mkdir -p
configure:2653: result: /usr/bin/mkdir -p
configure:2660: checking for gawk
configure:2690: result: no
configure:2660: checking for mawk
configure:2676: found /usr/bin/mawk
configure:2687: result: mawk
configure:2698: checking whether make sets $(MAKE)
configure:2720: result: yes
configure:2749: checking whether make supports nested variables
configure:2766: result: yes
configure:2956: checking for gcc
configure:2972: found /usr/bin/gcc
configure:2983: result: gcc
configure:3212: checking for C compiler version
configure:3221: gcc --version >&5
gcc (Raspbian 10.2.1-6+rpi1) 10.2.1 20210110
Copyright (C) 2020 Free Software Foundation, Inc.
This is free software; see the source for copying conditions.  There is NO
warranty; not even for MERCHANTABILITY or FITNESS FOR A PARTICULAR PURPOSE.

configure:3232: $? = 0
configure:3221: gcc -v >&5
Using built-in specs.
COLLECT_GCC=gcc
COLLECT_LTO_WRAPPER=/usr/lib/gcc/arm-linux-gnueabihf/10/lto-wrapper
Target: arm-linux-gnueabihf
Configured with: ../src/configure -v --with-pkgversion='Raspbian 10.2.1-6+rpi1' --with-bugurl=file:///usr/share/doc/gcc-10/README.Bugs --enable-languages=c,ada,c++,go,d,fortran,objc,obj-c++,m2 --prefix=/usr --with-gcc-major-version-only --program-suffix=-10 --program-prefix=arm-linux-gnueabihf- --enable-shared --enable-linker-build-id --libexecdir=/usr/lib --without-included-gettext --enable-threads=posix --libdir=/usr/lib --enable-nls --enable-bootstrap --enable-clocale=gnu --enable-libstdcxx-debug --enable-libstdcxx-time=yes --with-default-libstdcxx-abi=new --enable-gnu-unique-object --disable-libitm --disable-libquadmath --disable-libquadmath-support --enable-plugin --with-system-zlib --enable-libphobos-checking=release --with-target-system-zlib=auto --enable-objc-gc=auto --enable-multiarch --disable-sjlj-exceptions --with-arch=armv6 --with-fpu=vfp --with-float=hard --disable-werror --enable-checking=release --build=arm-linux-gnueabihf --host=arm-linux-gnueabihf --target=arm-linux-gnueabihf
Thread model: posix
Supported LTO compression algorithms: zlib zstd
gcc version 10.2.1 20210110 (Raspbian 10.2.1-6+rpi1) 
configure:3232: $? = 0
configure:3221: gcc -V >&5
gcc: error: unrecognized command-line option '-V'
gcc: fatal error: no input files
compilation terminated.
configure:3232: $? = 1
configure:3221: gcc -qversion >&5
gcc: error: unrecognized command-line option '-qversion'; did you mean '--version'?
gcc: fatal error: no input files
compilation terminated.
configure:3232: $? = 1
configure:3252: checking whether the C compiler works
configure:3274: gcc    conftest.c  >&5
configure:3278: $? = 0
configure:3326: result: yes
configure:3329: checking for C compiler default output file name
configure:3331: result: a.out
configure:3337: checking for suffix of executables
configure:3344: gcc -o conftest    conftest.c  >&5
configure:3348: $? = 0
configure:3370: result: 
configure:3392: checking whether we are cross compiling
configure:3400: gcc -o conftest    conftest.c  >&5
configure:3404: $? = 0
configure:3411: ./conftest
configure:3415: $? = 0
configure:3430: result: no
configure:3435: checking for suffix of object files
configure:3457: gcc -c   conftest.c >&5
configure:3461: $? = 0
configure:3482: result: o
configure:3486: checking whether we are using the GNU C compiler
configure:3505: gcc -c   conftest.c >&5
configure:3505: $? = 0
configure:3514: result: yes
configure:3523: checking whether gcc accepts -g
configure:3543: gcc -c -g  conftest.c >&5
configure:3543: $? = 0
configure:3584: result: yes
configure:3601: checking for gcc option to accept ISO C89
configure:3664: gcc  -c -g -O2  conftest.c >&5
configure:3664: $? = 0
configure:3677: result: none needed
configure:3702: checking whether gcc understands -c and -o together
configure:3724: gcc -c conftest.c -o conftest2.o
configure:3727: $? = 0
configure:3724: gcc -c conftest.c -o conftest2.o
configure:3727: $? = 0
configure:3739: result: yes
configure:3759: checking whether make supports the include directive
configure:3774: make -f confmf.GNU && cat confinc.out
this is the am__doit target
configure:3777: $? = 0
configure:3796: result: yes (GNU style)
configure:3821: checking dependency style of gcc
configure:3932: result: gcc3
configure:3958: checking how to run the C preprocessor
configure:3989: gcc -E  conftest.c
configure:3989: $? = 0
configure:4003: gcc -E  conftest.c
conftest.c:14:10: fatal error: ac_nonexistent.h: No such file or directory
   14 | #include <ac_nonexistent.h>
      |          ^~~~~~~~~~~~~~~~~~
compilation terminated.
configure:4003: $? = 1
configure: failed program was:
| /* confdefs.h */
| #define PACKAGE_NAME "e32"
| #define PACKAGE_TARNAME "e32"
| #define PACKAGE_VERSION "1.10.0"
| #define PACKAGE_STRING "e32 1.10.0"
| #define PACKAGE_BUGREPORT "lloyd@lloydrochester.com"
| #define PACKAGE_URL ""
| #define PACKAGE "e32"
| #define VERSION "1.10.0"
| #define _GPIO_M0_PIN 23
| #define _GPIO_M1_PIN 24
| #define _GPIO_AUX_PIN 18
| /* end confdefs.h.  */
| #include <ac_nonexistent.h>
configure:4028: result: gcc -E
configure:4048: gcc -E  conftest.c
configure:4048: $? = 0
configure:4062: gcc -E  conftest.c
conftest.c:14:10: fatal error: ac_nonexistent.h: No such file or directory
   14 | #include <ac_nonexistent.h>
      |          ^~~~~~~~~~~~~~~~~~
compilation terminated.
configure:4062: $? = 1
configure: failed program was:
| /* confdefs.h */
| #define PACKAGE_NAME "e32"
| #define PACKAGE_TARNAME "e32"
| #define PACKAGE_VERSION "1.10.0"
| #define PACKAGE_STRING "e32 1.10.0"
| #define PACKAGE_BUGREPORT "lloyd@lloydrochester.com"
| #define PACKAGE_URL ""
| #define PACKAGE "e32"
| #define VERSION "1.10.0"
| #define _GPIO_M0_PIN 23
| #define _GPIO_M1_PIN 24
| #define _GPIO_AUX_PIN 18
| /* end confdefs.h.  */
| #include <ac_nonexistent.h>
configure:4091: checking for grep that handles long lines and -e
configure:4149: result: /usr/bin/grep
configure:4154: checking for egrep
configure:4216: result: /usr/bin/grep -E
configure:4221: checking for ANSI C header files
configure:4241: gcc -c -g -O2  conftest.c >&5
configure:4241: $? = 0
configure:4314: gcc -o conftest -g -O2   conftest.c  >&5
configure:4314: $? = 0
configure:4314: ./conftest
configure:4314: $? = 0
configure:4325: result: yes
configure:4338: checking for sys/types.h
configure:4338: gcc -c -g -O2  conftest.c >&5
configure:4338: $? = 0
configure:4338: result: yes
configure:4338: checking for sys/stat.h
configure:4338: gcc -c -g -O2  conftest.c >&5
configure:4338: $? = 0
configure:4338: result: yes
configure:4338: checking for stdlib.h
configure:4338: gcc -c -g -O2  conftest.c >&5
configure:4338: $? = 0
configure:4338: result: yes
configure:4338: checking for string.h
configure:4338: gcc -c -g -O2  conftest.c >&5
configure:4338: $? = 0
configure:4338: result: yes
configure:4338: checking for memory.h
configure:4338: gcc -c -g -O2  conftest.c >&5
configure:4338: $? = 0
configure:4338: result: yes
configure:4338: checking for strings.h
configure:4338: gcc -c -g -O2  conftest.c >&5
configure:4338: $? = 0
configure:4338: result: yes
configure:4338: checking for inttypes.h
configure:4338: gcc -c -g -O2  conftest.c >&5
configure:4338: $? = 0
configure:4338: result: yes
configure:4338: checking for stdint.h
configure:4338: gcc -c -g -O2  conftest.c >&5
configure:4338: $? = 0
configure:4338: result: yes
configure:4338: checking for unistd.h
configure:4338: gcc -c -g -O2  conftest.c >&5
configure:4338: $? = 0
configure:4338: result: yes
configure:4353: checking arpa/inet.h usability
configure:4353: gcc -c -g -O2  conftest.c >&5
configure:4353: $? = 0
configure:4353: result: yes
configure:4353: checking arpa/inet.h presence
configure:4353: gcc -E  conftest.c
configure:4353: $? = 0
configure:4353: result: yes
configure:4353: checking for arpa/inet.h
configure:4353: result: yes
configure:4353: checking fcntl.h usability
configure:4353: gcc -c -g -O2  conftest.c >&5
configure:4353: $? = 0
configure:4353: result: yes
configure:4353: checking fcntl.h presence
configure:4353: gcc -E  conftest.c
configure:4353: $? = 0
configure:4353: result: yes
configure:4353: checking for fcntl.h
configure:4353: result: yes
configure:4353: checking netdb.h usability
configure:4353: gcc -c -g -O2  conftest.c >&5
configure:4353: $? = 0
configure:4353: result: yes
configure:4353: checking netdb.h presence
configure:4353: gcc -E  conftest.c
configure:4353: $? = 0
configure:4353: result: yes
configure:4353: checking for netdb.h
configure:4353: result: yes
configure:4353: checking netinet/in.h usability
configure:4353: gcc -c -g -O2  conftest.c >&5
configure:4353: $? = 0
configure:4353: result: yes
configure:4353: checking netinet/in.h presence
configure:4353: gcc -E  conftest.c
configure:4353: $? = 0
configure:4353: result: yes
configure:4353: checking for netinet/in.h
configure:4353: result: yes
configure:4353: checking for stdint.h
configure:4353: result: yes
configure:4353: checking for stdlib.h
configure:4353: result: yes
configure:4353: checking for string.h
configure:4353: result: yes
configure:4353: checking sys/socket.h usability
configure:4353: gcc -c -g -O2  conftest.c >&5
configure:4353: $? = 0
configure:4353: result: yes
configure:4353: checking sys/socket.h presence
configure:4353: gcc -E  conftest.c
configure:4353: $? = 0
configure:4353: result: yes
configure:4353: checking for sys/socket.h
configure:4353: result: yes
configure:4353: checking sys/time.h usability
configure:4353: gcc -c -g -O2  conftest.c >&5
configure:4353: $? = 0
configure:4353: result: yes
configure:4353: checking sys/time.h presence
configure:4353: gcc -E  conftest.c
configure:4353: $? = 0
configure:4353: result: yes
configure:4353: checking for sys/time.h
configure:4353: result: yes
configure:4353: checking syslog.h usability
configure:4353: gcc -c -g -O2  conftest.c >&5
configure:4353: $? = 0
configure:4353: result: yes
configure:4353: checking syslog.h presence
configure:4353: gcc -E  conftest.c
configure:4353: $? = 0
configure:4353: result: yes
configure:4353: checking for syslog.h
configure:4353: result: yes
configure:4353: checking termios.h usability
configure:4353: gcc -c -g -O2  conftest.c >&5
configure:4353: $? = 0
configure:4353: result: yes
configure:4353: checking termios.h presence
configure:4353: gcc -E  conftest.c
configure:4353: $? = 0
configure:4353: result: yes
configure:4353: checking for termios.h
configure:4353: result: yes
configure:4353: checking for unistd.h
configure:4353: result: yes
configure:4365: checking for stdbool.h that conforms to C99
configure:4432: gcc -c -g -O2  conftest.c >&5
configure:4432: $? = 0
configure:4439: result: yes
configure:4441: checking for _Bool
configure:4441: gcc -c -g -O2  conftest.c >&5
configure:4441: $? = 0
configure:4441: gcc -c -g -O2  conftest.c >&5
conftest.c: In function 'main':
conftest.c:72:20: error: expected expression before ')' token
   72 | if (sizeof ((_Bool)))
      |                    ^
configure:4441: $? = 1
configure: failed program was:
| /* confdefs.h */
| #define PACKAGE_NAME "e32"
| #define PACKAGE_TARNAME "e32"
| #define PACKAGE_VERSION "1.10.0"
| #define PACKAGE_STRING "e32 1.10.0"
| #define PACKAGE_BUGREPORT "lloyd@lloydrochester.com"
| #define PACKAGE_URL ""
| #define PACKAGE "e32"
| #define VERSION "1.10.0"
| #define _GPIO_M0_PIN 23
| #define _GPIO_M1_PIN 24
| #define _GPIO_AUX_PIN 18
| #define STDC_HEADERS 1
| #define HAVE_SYS_TYPES_H 1
| #define HAVE_SYS_STAT_H 1
| #define HAVE_STDLIB_H 1
| #define HAVE_STRING_H 1
| #define HAVE_MEMORY_H 1
| #define HAVE_STRINGS_H 1
| #define HAVE_INTTYPES_H 1
| #define HAVE_STDINT_H 1
| #define HAVE_UNISTD_H 1
| #define HAVE_ARPA_INET_H 1
| #define HAVE_FCNTL_H 1
| #define HAVE_NETDB_H 1
| #define HAVE_NETINET_IN_H 1
| #define HAVE_STDINT_H 1
| #define HAVE_STDLIB_H 1
| #define HAVE_STRING_H 1
| #define HAVE_SYS_SOCKET_H 1
| #define HAVE_SYS_TIME_H 1
| #define HAVE_SYSLOG_H 1
| #define HAVE_TERMIOS_H 1
| #define HAVE_UNISTD_H 1
| /* end confdefs.h.  */
| #include <stdio.h>
| #ifdef HAVE_SYS_TYPES_H
| # include <sys/types.h>
| #endif
| #ifdef HAVE_SYS_STAT_H
| # include <sys/stat.h>
| #endif
| #ifdef STDC_HEADERS
| # include <stdlib.h>
| # include <stddef.h>
| #else
| # ifdef HAVE_STDLIB_H
| #  include <stdlib.h>
| # endif
| #endif
| #ifdef HAVE_STRING_H
| # if !defined STDC_HEADERS && defined HAVE_MEMORY_H
| #  include <memory.h>
| # endif
| # include <string.h>
| #endif
| #ifdef HAVE_STRINGS_H
| # include <strings.h>
| #endif
| #ifdef HAVE_INTTYPES_H
| # include <inttypes.h>
| #endif
| #ifdef HAVE_STDINT_H
| # include <stdint.h>
| #endif
| #ifdef HAVE_UNISTD_H
| # include <unistd.h>
| #endif
| int
| main ()
| {
| if (sizeof ((_Bool)))
| 	    return 0;
|   ;
|   return 0;
| }
configure:4441: result: yes
configure:4452: checking for uid_t in sys/types.h
configure:4471: result: yes
configure:4482: checking for size_t
configure:4482: gcc -c -g -O2  conftest.c >&5
configure:4482: $? = 0
configure:4482: gcc -c -g -O2  conftest.c >&5
conftest.c: In function 'main':
conftest.c:73:21: error: expected expression before ')' token
   73 | if (sizeof ((size_t)))
      |                     ^
configure:4482: $? = 1
configure: failed program was:
| /* confdefs.h */
| #define PACKAGE_NAME "e32"
| #define PACKAGE_TARNAME "e32"
| #define PACKAGE_VERSION "1.10.0"
| #define PACKAGE_STRING "e32 1.10.0"
| #define PACKAGE_BUGREPORT "lloyd@lloydrochester.com"
| #define PACKAGE_URL ""
| #define PACKAGE "e32"
| #define VERSION "1.10.0"
| #define _GPIO_M0_PIN 23
| #define _GPIO_M1_PIN 24
| #define _GPIO_AUX_PIN 18
| #define STDC_HEADERS 1
| #define HAVE_SYS_TYPES_H 1
| #define HAVE_SYS_STAT_H 1
| #define HAVE_STDLIB_H 1
| #define HAVE_STRING_H 1
| #define HAVE_MEMORY_H 1
| #define HAVE_STRINGS_H 1
| #define HAVE_INTTYPES_H 1
| #define HAVE_STDINT_H 1
| #define HAVE_UNISTD_H 1
| #define HAVE_ARPA_INET_H 1
| #define HAVE_FCNTL_H 1
| #define HAVE_NETDB_H 1
| #define HAVE_NETINET_IN_H 1
| #define HAVE_STDINT_H 1
| #define HAVE_STDLIB_H 1
| #define HAVE_STRING_H 1
| #define HAVE_SYS_SOCKET_H 1
| #define HAVE_SYS_TIME_H 1
| #define HAVE_SYSLOG_H 1
| #define HAVE_TERMIOS_H 1
| #define HAVE_UNISTD_H 1
| #define HAVE__BOOL 1
| /* end confdefs.h.  */
| #include <stdio.h>
| #ifdef HAVE_SYS_TYPES_H
| # include <sys/types.h>
| #endif
| #ifdef HAVE_SYS_STAT_H
| # include <sys/stat.h>
| #endif
| #ifdef STDC_HEADERS
| # include <stdlib.h>
| # include <stddef.h>
| #else
| # ifdef HAVE_STDLIB_H
| #  include <stdlib.h>
| # endif
| #endif
| #ifdef HAVE_STRING_H
| # if !defined STDC_HEADERS && defined HAVE_MEMORY_H
| #  include <memory.h>
| # endif
| # include <string.h>
| #endif
| #ifdef HAVE_STRINGS_H
| # include <strings.h>
| #endif
| #ifdef HAVE_INTTYPES_H
| # include <inttypes.h>
| #endif
| #ifdef HAVE_STDINT_H
| # include <stdint.h>
| #endif
| #ifdef HAVE_UNISTD_H
| # include <unistd.h>
| #endif
| int
| main ()
| {
| if (sizeof ((size_t)))
| 	    return 0;
|   ;
|   return 0;
| }
configure:4482: result: yes
configure:4493: checking for ssize_t
configure:4493: gcc -c -g -O2  conftest.c >&5
configure:4493: $? = 0
configure:4493: gcc -c -g -O2  conftest.c >&5
conftest.c: In function 'main':
conftest.c:73:22: error: expected expression before ')' token
   73 | if (sizeof ((ssize_t)))
      |                      ^
configure:4493: $? = 1
configure: failed program was:
| /* confdefs.h */
| #define PACKAGE_NAME "e32"
| #define PACKAGE_TARNAME "e32"
| #define PACKAGE_VERSION "1.10.0"
| #define PACKAGE_STRING "e32 1.10.0"
| #define PACKAGE_BUGREPORT "lloyd@lloydrochester.com"
| #define PACKAGE_URL ""
| #define PACKAGE "e32"
| #define VERSION "1.10.0"
| #define _GPIO_M0_PIN 23
| #define _GPIO_M1_PIN 24
| #define _GPIO_AUX_PIN 18
| #define STDC_HEADERS 1
| #define HAVE_SYS_TYPES_H 1
| #define HAVE_SYS_STAT_H 1
| #define HAVE_STDLIB_H 1
| #define HAVE_STRING_H 1
| #define HAVE_MEMORY_H 1
| #define HAVE_STRINGS_H 1
| #define HAVE_INTTYPES_H 1
| #define HAVE_STDINT_H 1
| #define HAVE_UNISTD_H 1
| #define HAVE_ARPA_INET_H 1
| #define HAVE_FCNTL_H 1
| #define HAVE_NETDB_H 1
| #define HAVE_NETINET_IN_H 1
| #define HAVE_STDINT_H 1
| #define HAVE_STDLIB_H 1
| #define HAVE_STRING_H 1
| #define HAVE_SYS_SOCKET_H 1
| #define HAVE_SYS_TIME_H 1
| #define HAVE_SYSLOG_H 1
| #define HAVE_TERMIOS_H 1
| #define HAVE_UNISTD_H 1
| #define HAVE__BOOL 1
| /* end confdefs.h.  */
| #include <stdio.h>
| #ifdef HAVE_SYS_TYPES_H
| # include <sys/types.h>
| #endif
| #ifdef HAVE_SYS_STAT_H
| # include <sys/stat.h>
| #endif
| #ifdef STDC_HEADERS
| # include <stdlib.h>
| # include <stddef.h>
| #else
| # ifdef HAVE_STDLIB_H
| #  include <stdlib.h>
| # endif
| #endif
| #ifdef HAVE_STRING_H
| # if !defined STDC_HEADERS && defined HAVE_MEMORY_H
| #  include <memory.h>
| # endif
| # include <string.h>
| #endif
| #ifdef HAVE_STRINGS_H
| # include <strings.h>
| #endif
| #ifdef HAVE_INTTYPES_H
| # include <inttypes.h>
| #endif
| #ifdef HAVE_STDINT_H
| # include <stdint.h>
| #endif
| #ifdef HAVE_UNISTD_H
| # include <unistd.h>
| #endif
| int
| main ()
| {
| if (sizeof ((ssize_t)))
| 	    return 0;
|   ;
|   return 0;
| }
configure:4493: result: yes
configure:4504: checking for uint8_t
configure:4504: gcc -c -g -O2  conftest.c >&5
configure:4504: $? = 0
configure:4504: result: yes
configure:4520: checking for pid_t
configure:4520: gcc -c -g -O2  conftest.c >&5
configure:4520: $? = 0
configure:4520: gcc -c -g -O2  conftest.c >&5
conftest.c: In function 'main':
conftest.c:73:20: error: expected expression before ')' token
   73 | if (sizeof ((pid_t)))
      |                    ^
configure:4520: $? = 1
configure: failed program was:
| /* confdefs.h */
| #define PACKAGE_NAME "e32"
| #define PACKAGE_TARNAME "e32"
| #define PACKAGE_VERSION "1.10.0"
| #define PACKAGE_STRING "e32 1.10.0"
| #define PACKAGE_BUGREPORT "lloyd@lloydrochester.com"
| #define PACKAGE_URL ""
| #define PACKAGE "e32"
| #define VERSION "1.10.0"
| #define _GPIO_M0_PIN 23
| #define _GPIO_M1_PIN 24
| #define _GPIO_AUX_PIN 18
| #define STDC_HEADERS 1
| #define HAVE_SYS_TYPES_H 1
| #define HAVE_SYS_STAT_H 1
| #define HAVE_STDLIB_H 1
| #define HAVE_STRING_H 1
| #define HAVE_MEMORY_H 1
| #define HAVE_STRINGS_H 1
| #define HAVE_INTTYPES_H 1
| #define HAVE_STDINT_H 1
| #define HAVE_UNISTD_H 1
| #define HAVE_ARPA_INET_H 1
| #define HAVE_FCNTL_H 1
| #define HAVE_NETDB_H 1
| #define HAVE_NETINET_IN_H 1
| #define HAVE_STDINT_H 1
| #define HAVE_STDLIB_H 1
| #define HAVE_STRING_H 1
| #define HAVE_SYS_SOCKET_H 1
| #define HAVE_SYS_TIME_H 1
| #define HAVE_SYSLOG_H 1
| #define HAVE_TERMIOS_H 1
| #define HAVE_UNISTD_H 1
| #define HAVE__BOOL 1
| /* end confdefs.h.  */
| #include <stdio.h>
| #ifdef HAVE_SYS_TYPES_H
| # include <sys/types.h>
| #endif
| #ifdef HAVE_SYS_STAT_H
| # include <sys/stat.h>
| #endif
| #ifdef STDC_HEADERS
| # include <stdlib.h>
| # include <stddef.h>
| #else
| # ifdef HAVE_STDLIB_H
| #  include <stdlib.h>
| # endif
| #endif
| #ifdef HAVE_STRING_H
| # if !defined STDC_HEADERS && defined HAVE_MEMORY_H
| #  include <memory.h>
| # endif
| # include <string.h>
| #endif
| #ifdef HAVE_STRINGS_H
| # include <strings.h>
| #endif
| #ifdef HAVE_INTTYPES_H
| # include <inttypes.h>
| #endif
| #ifdef HAVE_STDINT_H
| # include <stdint.h>
| #endif
| #ifdef HAVE_UNISTD_H
| # include <unistd.h>
| #endif
| int
| main ()
| {
| if (sizeof ((pid_t)))
| 	    return 0;
|   ;
|   return 0;
| }
configure:4520: result: yes
configure:4533: checking vfork.h usability
configure:4533: gcc -c -g -O2  conftest.c >&5
conftest.c:70:10: fatal error: vfork.h: No such file or directory
   70 | #include <vfork.h>
      |          ^~~~~~~~~
compilation terminated.
configure:4533: $? = 1
configure: failed program was:
| /* confdefs.h */
| #define PACKAGE_NAME "e32"
| #define PACKAGE_TARNAME "e32"
| #define PACKAGE_VERSION "1.10.0"
| #define PACKAGE_STRING "e32 1.10.0"
| #define PACKAGE_BUGREPORT "lloyd@lloydrochester.com"
| #define PACKAGE_URL ""
| #define PACKAGE "e32"
| #define VERSION "1.10.0"
| #define _GPIO_M0_PIN 23
| #define _GPIO_M1_PIN 24
| #define _GPIO_AUX_PIN 18
| #define STDC_HEADERS 1
| #define HAVE_SYS_TYPES_H 1
| #define HAVE_SYS_STAT_H 1
| #define HAVE_STDLIB_H 1
| #define HAVE_STRING_H 1
| #define HAVE_MEMORY_H 1
| #define HAVE_STRINGS_H 1
| #define HAVE_INTTYPES_H 1
| #define HAVE_STDINT_H 1
| #define HAVE_UNISTD_H 1
| #define HAVE_ARPA_INET_H 1
| #define HAVE_FCNTL_H 1
| #define HAVE_NETDB_H 1
| #define HAVE_NETINET_IN_H 1
| #define HAVE_STDINT_H 1
| #define HAVE_STDLIB_H 1
| #define HAVE_STRING_H 1
| #define HAVE_SYS_SOCKET_H 1
| #define HAVE_SYS_TIME_H 1
| #define HAVE_SYSLOG_H 1
| #define HAVE_TERMIOS_H 1
| #define HAVE_UNISTD_H 1
| #define HAVE__BOOL 1
| /* end confdefs.h.  */
| #include <stdio.h>
| #ifdef HAVE_SYS_TYPES_H
| # include <sys/types.h>
| #endif
| #ifdef HAVE_SYS_STAT_H
| # include <sys/stat.h>
| #endif
| #ifdef STDC_HEADERS
| # include <stdlib.h>
| # include <stddef.h>
| #else
| # ifdef HAVE_STDLIB_H
| #  include <stdlib.h>
| # endif
| #endif
| #ifdef HAVE_STRING_H
| # if !defined STDC_HEADERS && defined HAVE_MEMORY_H
| #  include <memory.h>
| # endif
| # include <string.h>
| #endif
| #ifdef HAVE_STRINGS_H
| # include <strings.h>
| #endif
| #ifdef HAVE_INTTYPES_H
| # include <inttypes.h>
| #endif
| #ifdef HAVE_STDINT_H
| # include <stdint.h>
| #endif
| #ifdef HAVE_UNISTD_H
| # include <unistd.h>
| #endif
| #include <vfork.h>
configure:4533: result: no
configure:4533: checking vfork.h presence
configure:4533: gcc -E  conftest.c
conftest.c:37:10: fatal error: vfork.h: No such file or directory
   37 | #include <vfork.h>
      |          ^~~~~~~~~
compilation terminated.
configure:4533: $? = 1
configure: failed program was:
| /* confdefs.h */
| #define PACKAGE_NAME "e32"
| #define PACKAGE_TARNAME "e32"
| #define PACKAGE_VERSION "1.10.0"
| #define PACKAGE_STRING "e32 1.10.0"
| #define PACKAGE_BUGREPORT "lloyd@lloydrochester.com"
| #define PACKAGE_URL ""
| #define PACKAGE "e32"
| #define VERSION "1.10.0"
| #define _GPIO_M0_PIN 23
| #define _GPIO_M1_PIN 24
| #define _GPIO_AUX_PIN 18
| #define STDC_HEADERS 1
| #define HAVE_SYS_TYPES_H 1
| #define HAVE_SYS_STAT_H 1
| #define HAVE_STDLIB_H 1
| #define HAVE_STRING_H 1
| #define HAVE_MEMORY_H 1
| #define HAVE_STRINGS_H 1
| #define HAVE_INTTYPES_H 1
| #define HAVE_STDINT_H 1
| #define HAVE_UNISTD_H 1
| #define HAVE_ARPA_INET_H 1
| #define HAVE_FCNTL_H 1
| #define HAVE_NETDB_H 1
| #define HAVE_NETINET_IN_H 1
| #define HAVE_STDINT_H 1
| #define HAVE_STDLIB_H 1
| #define HAVE_STRING_H 1
| #define HAVE_SYS_SOCKET_H 1
| #define HAVE_SYS_TIME_H 1
| #define HAVE_SYSLOG_H 1
| #define HAVE_TERMIOS_H 1
| #define HAVE_UNISTD_H 1
| #define HAVE__BOOL 1
| /* end confdefs.h.  */
| #include <vfork.h>
configure:4533: result: no
configure:4533: checking for vfork.h
configure:4533: result: no
configure:4546: checking for fork
configure:4546: gcc -o conftest -g -O2   conftest.c  >&5
conftest.c:60:6: warning: conflicting types for built-in function 'fork'; expected 'int(void)' [-Wbuiltin-declaration-mismatch]
   60 | char fork ();
      |      ^~~~
configure:4546: $? = 0
configure:4546: result: yes
configure:4546: checking for vfork
configure:4546: gcc -o conftest -g -O2   conftest.c  >&5
configure:4546: $? = 0
configure:4546: result: yes
configure:4556: checking for working fork
configure:4578: gcc -o conftest -g -O2   conftest.c  >&5
configure:4578: $? = 0
configure:4578: ./conftest
configure:4578: $? = 0
configure:4588: result: yes
configure:4609: checking for working vfork
configure:4719: result: yes
configure:4744: checking type of array argument to getgroups
configure:4778: gcc -o conftest -g -O2   conftest.c  >&5
configure:4778: $? = 0
configure:4778: ./conftest
configure:4778: $? = 0
configure:4803: result: gid_t
configure:4811: checking for getgroups
configure:4811: gcc -o conftest -g -O2   conftest.c  >&5
configure:4811: $? = 0
configure:4811: result: yes
configure:4866: checking for working getgroups
configure:4886: gcc -o conftest -g -O2   conftest.c  >&5
configure:4886: $? = 0
configure:4886: ./conftest
configure:4886: $? = 0
configure:4897: result: yes
configure:4911: checking for stdlib.h
configure:4911: result: yes
configure:4921: checking for GNU libc compatible malloc
configure:4945: gcc -o conftest -g -O2   conftest.c  >&5
configure:4945: $? = 0
configure:4945: ./conftest
configure:4945: $? = 0
configure:4955: result: yes
configure:4979: checking for bzero
configure:4979: gcc -o conftest -g -O2   conftest.c  >&5
conftest.c:68:6: warning: conflicting types for built-in function 'bzero'; expected 'void(void *, unsigned int)' [-Wbuiltin-declaration-mismatch]
   68 | char bzero ();
      |      ^~~~~
configure:4979: $? = 0
configure:4979: result: yes
configure:4979: checking for memset
configure:4979: gcc -o conftest -g -O2   conftest.c  >&5
conftest.c:69:6: warning: conflicting types for built-in function 'memset'; expected 'void *(void *, int,  unsigned int)' [-Wbuiltin-declaration-mismatch]
   69 | char memset ();
      |      ^~~~~~
conftest.c:57:1: note: 'memset' is declared in header '<string.h>'
   56 | # include <limits.h>
   57 | #else
configure:4979: $? = 0
configure:4979: result: yes
configure:4979: checking for dup2
configure:4979: gcc -o conftest -g -O2   conftest.c  >&5
configure:4979: $? = 0
configure:4979: result: yes
configure:4979: checking for gethostbyname
configure:4979: gcc -o conftest -g -O2   conftest.c  >&5
configure:4979: $? = 0
configure:4979: result: yes
configure:4979: checking for socket
configure:4979: gcc -o conftest -g -O2   conftest.c  >&5
configure:4979: $? = 0
configure:4979: result: yes
configure:4979: checking for strerror
configure:4979: gcc -o conftest -g -O2   conftest.c  >&5
configure:4979: $? = 0
configure:4979: result: yes
configure:4979: checking for strncasecmp
configure:4979: gcc -o conftest -g -O2   conftest.c  >&5
conftest.c:74:6: warning: conflicting types for built-in function 'strncasecmp'; expected 'int(const char *, const char *, unsigned int)' [-Wbuiltin-declaration-mismatch]
   74 | char strncasecmp ();
      |      ^~~~~~~~~~~
configure:4979: $? = 0
configure:4979: result: yes
configure:4979: checking for strstr
configure:4979: gcc -o conftest -g -O2   conftest.c  >&5
conftest.c:75:6: warning: conflicting types for built-in function 'strstr'; expected 'char *(const char *, const char *)' [-Wbuiltin-declaration-mismatch]
   75 | char strstr ();
      |      ^~~~~~
conftest.c:63:1: note: 'strstr' is declared in header '<string.h>'
   62 | # include <limits.h>
   63 | #else
configure:4979: $? = 0
configure:4979: result: yes
configure:5043: checking for pkg-config
configure:5061: found /usr/bin/pkg-config
configure:5073: result: /usr/bin/pkg-config
configure:5098: checking pkg-config is at least version 0.9.0
configure:5101: result: yes
configure:5246: checking that generated files are newer than configure
configure:5252: result: done
configure:5279: creating ./config.status

## ---------------------- ##
## Running config.status. ##
## ---------------------- ##

This file was extended by e32 config.status 1.10.0, which was
generated by GNU Autoconf 2.69.  Invocation command line was

  CONFIG_FILES    = 
  CONFIG_HEADERS  = 
  CONFIG_LINKS    = 
  CONFIG_COMMANDS = 
  $ ./config.status 

on raspberrypi

config.status:895: creating Makefile
config.status:895: creating src/Makefile
config.status:895: creating scripts/Makefile
config.status:895: creating systemd/Makefile
config.status:895: creating test/Makefile
config.status:895: creating src/config.h
config.status:1124: executing depfiles commands
config.status:1201: cd src       && sed -e '/# am--include-marker/d' Makefile         | make -f - am--depfiles
config.status:1206: $? = 0
config.status:1201: cd test       && sed -e '/# am--include-marker/d' Makefile         | make -f - am--depfiles
config.status:1206: $? = 0

## ---------------- ##
## Cache variables. ##
## ---------------- ##

ac_cv_c_compiler_gnu=yes
ac_cv_c_uint8_t=yes
ac_cv_env_CC_set=
ac_cv_env_CC_value=
ac_cv_env_CFLAGS_set=
ac_cv_env_CFLAGS_value=
ac_cv_env_CPPFLAGS_set=
ac_cv_env_CPPFLAGS_value=
ac_cv_env_CPP_set=
ac_cv_env_CPP_value=
ac_cv_env_LDFLAGS_set=
ac_cv_env_LDFLAGS_value=
ac_cv_env_LIBS_set=
ac_cv_env_LIBS_value=
ac_cv_env_PKG_CONFIG_LIBDIR_set=
ac_cv_env_PKG_CONFIG_LIBDIR_value=
ac_cv_env_PKG_CONFIG_PATH_set=
ac_cv_env_PKG_CONFIG_PATH_value=
ac_cv_env_PKG_CONFIG_set=
ac_cv_env_PKG_CONFIG_value=
ac_cv_env_build_alias_set=
ac_cv_env_build_alias_value=
ac_cv_env_host_alias_set=
ac_cv_env_host_alias_value=
ac_cv_env_target_alias_set=
ac_cv_env_target_alias_value=
ac_cv_func_bzero=yes
ac_cv_func_dup2=yes
ac_cv_func_fork=yes
ac_cv_func_fork_works=yes
ac_cv_func_getgroups=yes
ac_cv_func_getgroups_works=yes
ac_cv_func_gethostbyname=yes
ac_cv_func_malloc_0_nonnull=yes
ac_cv_func_memset=yes
ac_cv_func_socket=yes
ac_cv_func_strerror=yes
ac_cv_func_strncasecmp=yes
ac_cv_func_strstr=yes
ac_cv_func_vfork=yes
ac_cv_func_vfork_works=yes
ac_cv_header_arpa_inet_h=yes
ac_cv_header_fcntl_h=yes
ac_cv_header_inttypes_h=yes
ac_cv_header_memory_h=yes
ac_cv_header_netdb_h=yes
ac_cv_header_netinet_in_h=yes
ac_cv_header_stdbool_h=yes
ac_cv_header_stdc=yes
ac_cv_header_stdint_h=yes
ac_cv_header_stdlib_h=yes
ac_cv_header_string_h=yes
ac_cv_header_strings_h=yes
ac_cv_header_sys_socket_h=yes
ac_cv_header_sys_stat_h=yes
ac_cv_header_sys_time_h=yes
ac_cv_header_sys_types_h=yes
ac_cv_header_syslog_h=yes
ac_cv_header_termios_h=yes
ac_cv_header_unistd_h=yes
ac_cv_header_vfork_h=no
ac_cv_objext=o
ac_cv_path_EGREP='/usr/bin/grep -E'
ac_cv_path_GREP=/usr/bin/grep
ac_cv_path_ac_pt_PKG_CONFIG=/usr/bin/pkg-config
ac_cv_path_install='/usr/bin/install -c'
ac_cv_path_mkdir=/usr/bin/mkdir
ac_cv_prog_AWK=mawk
ac_cv_prog_CPP='gcc -E'
ac_cv_prog_ac_ct_CC=gcc
ac_cv_prog_cc_c89=
ac_cv_prog_cc_g=yes
ac_cv_prog_make_make_set=yes
ac_cv_type__Bool=yes
ac_cv_type_getgroups=gid_t
ac_cv_type_pid_t=yes
ac_cv_type_size_t=yes
ac_cv_type_ssize_t=yes
ac_cv_type_uid_t=yes
am_cv_CC_dependencies_compiler_type=gcc3
am_cv_make_support_nested_variables=yes
am_cv_prog_cc_c_o=yes

## ----------------- ##
## Output variables. ##
## ----------------- ##

ACLOCAL='${SHELL} /home/phobos/Documents/e32-1.10.0/missing aclocal-1.16'
AMDEPBACKSLASH='\'
AMDEP_FALSE='#'
AMDEP_TRUE=''
AMTAR='$${TAR-tar}'
AM_BACKSLASH='\'
AM_DEFAULT_V='$(AM_DEFAULT_VERBOSITY)'
AM_DEFAULT_VERBOSITY='1'
AM_V='$(V)'
AUTOCONF='${SHELL} /home/phobos/Documents/e32-1.10.0/missing autoconf'
AUTOHEADER='${SHELL} /home/phobos/Documents/e32-1.10.0/missing autoheader'
AUTOMAKE='${SHELL} /home/phobos/Documents/e32-1.10.0/missing automake-1.16'
AWK='mawk'
CC='gcc'
CCDEPMODE='depmode=gcc3'
CFLAGS='-g -O2'
CPP='gcc -E'
CPPFLAGS=''
CYGPATH_W='echo'
DEFS='-DHAVE_CONFIG_H'
DEPDIR='.deps'
ECHO_C=''
ECHO_N='-n'
ECHO_T=''
EGREP='/usr/bin/grep -E'
EXEEXT=''
GREP='/usr/bin/grep'
HAVE_SYSTEMD_FALSE='#'
HAVE_SYSTEMD_TRUE=''
INSTALL_DATA='${INSTALL} -m 644'
INSTALL_PROGRAM='${INSTALL}'
INSTALL_SCRIPT='${INSTALL}'
INSTALL_STRIP_PROGRAM='$(install_sh) -c -s'
LDFLAGS=''
LIBOBJS=''
LIBS=''
LTLIBOBJS=''
MAKEINFO='${SHELL} /home/phobos/Documents/e32-1.10.0/missing makeinfo'
MKDIR_P='/usr/bin/mkdir -p'
OBJEXT='o'
PACKAGE='e32'
PACKAGE_BUGREPORT='lloyd@lloydrochester.com'
PACKAGE_NAME='e32'
PACKAGE_STRING='e32 1.10.0'
PACKAGE_TARNAME='e32'
PACKAGE_URL=''
PACKAGE_VERSION='1.10.0'
PATH_SEPARATOR=':'
PKG_CONFIG='/usr/bin/pkg-config'
PKG_CONFIG_LIBDIR=''
PKG_CONFIG_PATH=''
SET_MAKE=''
SHELL='/bin/bash'
STRIP=''
VERSION='1.10.0'
ac_ct_CC='gcc'
am__EXEEXT_FALSE=''
am__EXEEXT_TRUE='#'
am__fastdepCC_FALSE='#'
am__fastdepCC_TRUE=''
am__include='include'
am__isrc=''
am__leading_dot='.'
am__nodep='_no'
am__quote=''
am__tar='$${TAR-tar} chof - "$$tardir"'
am__untar='$${TAR-tar} xf -'
bindir='${exec_prefix}/bin'
build_alias=''
datadir='${datarootdir}'
datarootdir='${prefix}/share'
docdir='${datarootdir}/doc/${PACKAGE_TARNAME}'
dvidir='${docdir}'
exec_prefix='${prefix}'
host_alias=''
htmldir='${docdir}'
includedir='${prefix}/include'
infodir='${datarootdir}/info'
install_sh='${SHELL} /home/phobos/Documents/e32-1.10.0/install-sh'
libdir='${exec_prefix}/lib'
libexecdir='${exec_prefix}/libexec'
localedir='${datarootdir}/locale'
localstatedir='${prefix}/var'
mandir='${datarootdir}/man'
mkdir_p='$(MKDIR_P)'
oldincludedir='/usr/include'
pdfdir='${docdir}'
prefix='/usr/local'
program_transform_name='s,x,x,'
psdir='${docdir}'
runstatedir='${localstatedir}/run'
sbindir='${exec_prefix}/sbin'
sharedstatedir='${prefix}/com'
sysconfdir='${prefix}/etc'
systemdsystemunitdir='/lib/systemd/system'
target_alias=''

## ----------- ##
## confdefs.h. ##
## ----------- ##

/* confdefs.h */
#define PACKAGE_NAME "e32"
#define PACKAGE_TARNAME "e32"
#define PACKAGE_VERSION "1.10.0"
#define PACKAGE_STRING "e32 1.10.0"
#define PACKAGE_BUGREPORT "lloyd@lloydrochester.com"
#define PACKAGE_URL ""
#define PACKAGE "e32"
#define VERSION "1.10.0"
#define _GPIO_M0_PIN 23
#define _GPIO_M1_PIN 24
#define _GPIO_AUX_PIN 18
#define STDC_HEADERS 1
#define HAVE_SYS_TYPES_H 1
#define HAVE_SYS_STAT_H 1
#define HAVE_STDLIB_H 1
#define HAVE_STRING_H 1
#define HAVE_MEMORY_H 1
#define HAVE_STRINGS_H 1
#define HAVE_INTTYPES_H 1
#define HAVE_STDINT_H 1
#define HAVE_UNISTD_H 1
#define HAVE_ARPA_INET_H 1
#define HAVE_FCNTL_H 1
#define HAVE_NETDB_H 1
#define HAVE_NETINET_IN_H 1
#define HAVE_STDINT_H 1
#define HAVE_STDLIB_H 1
#define HAVE_STRING_H 1
#define HAVE_SYS_SOCKET_H 1
#define HAVE_SYS_TIME_H 1
#define HAVE_SYSLOG_H 1
#define HAVE_TERMIOS_H 1
#define HAVE_UNISTD_H 1
#define HAVE__BOOL 1
#define HAVE_FORK 1
#define HAVE_VFORK 1
#define HAVE_WORKING_VFORK 1
#define HAVE_WORKING_FORK 1
#define GETGROUPS_T gid_t
#define HAVE_GETGROUPS 1
#define HAVE_STDLIB_H 1
#define HAVE_MALLOC 1
#define HAVE_BZERO 1
#define HAVE_MEMSET 1
#define HAVE_DUP2 1
#define HAVE_GETHOSTBYNAME 1
#define HAVE_SOCKET 1
#define HAVE_STRERROR 1
#define HAVE_STRNCASECMP 1
#define HAVE_STRSTR 1

configure: exit 0
